-------------------------------------------------------------------------------
Test set: ai.hybridstream.connector.grpc.FlinkConnectorServiceImplTest
-------------------------------------------------------------------------------
Tests run: 5, Failures: 2, Errors: 0, Skipped: 0, Time elapsed: 1.024 s <<< FAILURE! -- in ai.hybridstream.connector.grpc.FlinkConnectorServiceImplTest
ai.hybridstream.connector.grpc.FlinkConnectorServiceImplTest.testTerminateOperatorFound -- Time elapsed: 0.943 s <<< FAILURE!
Argument(s) are different! Wanted:
terminateResponseObserver.onNext(
    <custom argument matcher>
);
-> at ai.hybridstream.connector.grpc.FlinkConnectorServiceImplTest.testTerminateOperatorFound(FlinkConnectorServiceImplTest.java:141)
Actual invocations have different arguments:
terminateResponseObserver.onNext(
    operator_id: "test-operator"
error_msg: "No active Flink job found for operator test-operator"

);
-> at ai.hybridstream.connector.grpc.FlinkConnectorServiceImpl.terminateOperator(FlinkConnectorServiceImpl.java:117)
terminateResponseObserver.onCompleted(
    
);
-> at ai.hybridstream.connector.grpc.FlinkConnectorServiceImpl.terminateOperator(FlinkConnectorServiceImpl.java:122)

	at ai.hybridstream.connector.grpc.FlinkConnectorServiceImplTest.testTerminateOperatorFound(FlinkConnectorServiceImplTest.java:141)
	at java.base/java.lang.reflect.Method.invoke(Method.java:580)
	at java.base/java.util.ArrayList.forEach(ArrayList.java:1597)
	at java.base/java.util.ArrayList.forEach(ArrayList.java:1597)

ai.hybridstream.connector.grpc.FlinkConnectorServiceImplTest.testRestoreOperatorSuccess -- Time elapsed: 0.006 s <<< FAILURE!
Argument(s) are different! Wanted:
restoreResponseObserver.onNext(
    <custom argument matcher>
);
-> at ai.hybridstream.connector.grpc.FlinkConnectorServiceImplTest.testRestoreOperatorSuccess(FlinkConnectorServiceImplTest.java:81)
Actual invocations have different arguments:
restoreResponseObserver.onNext(
    operator_id: "test-operator"
error_msg: "Invalid snapshot magic bytes \342\200\224 expected HSMP header"

);
-> at ai.hybridstream.connector.grpc.FlinkConnectorServiceImpl.restoreOperator(FlinkConnectorServiceImpl.java:98)
restoreResponseObserver.onCompleted(
    
);
-> at ai.hybridstream.connector.grpc.FlinkConnectorServiceImpl.restoreOperator(FlinkConnectorServiceImpl.java:105)

	at ai.hybridstream.connector.grpc.FlinkConnectorServiceImplTest.testRestoreOperatorSuccess(FlinkConnectorServiceImplTest.java:81)
	at java.base/java.lang.reflect.Method.invoke(Method.java:580)
	at java.base/java.util.ArrayList.forEach(ArrayList.java:1597)
	at java.base/java.util.ArrayList.forEach(ArrayList.java:1597)

