<?xml version="1.0" encoding="UTF-8"?>
<testsuite xmlns:xsi="http://www.w3.org/2001/XMLSchema-instance" xsi:noNamespaceSchemaLocation="https://maven.apache.org/surefire/maven-surefire-plugin/xsd/surefire-test-report-3.0.xsd" version="3.0" name="ai.hybridstream.connector.operator.OperatorFactoryTest" time="0.06" tests="14" errors="0" skipped="0" failures="0">
  <properties>
[...]
</properties>
  <testcase name="testZoneAggregator" classname="ai.hybridstream.connector.operator.OperatorFactoryTest" time="0.032"/>
  <testcase name="testAnomalyDetector" classname="ai.hybridstream.connector.operator.OperatorFactoryTest" time="0.001"/>
  <testcase name="testBinaryClassifier" classname="ai.hybridstream.connector.operator.OperatorFactoryTest" time="0.0"/>
  <testcase name="testComplianceLogger" classname="ai.hybridstream.connector.operator.OperatorFactoryTest" time="0.0"/>
  <testcase name="testMultiStreamJoin" classname="ai.hybridstream.connector.operator.OperatorFactoryTest" time="0.001"/>
  <testcase name="testPatternDetector" classname="ai.hybridstream.connector.operator.OperatorFactoryTest" time="0.001"/>
  <testcase name="testVehicleDetector" classname="ai.hybridstream.connector.operator.OperatorFactoryTest" time="0.0"/>
  <testcase name="testUnknownOperatorUsesPassthrough" classname="ai.hybridstream.connector.operator.OperatorFactoryTest" time="0.001">
    <system-err><![CDATA[[main] WARN ai.hybridstream.connector.operator.OperatorFactory - Unknown operator type 'UnknownOperator' — using pass-through logic
]]></system-err>
  </testcase>
  <testcase name="testFeatureAggWindow" classname="ai.hybridstream.connector.operator.OperatorFactoryTest" time="0.001"/>
  <testcase name="testRiskCheck" classname="ai.hybridstream.connector.operator.OperatorFactoryTest" time="0.0"/>
  <testcase name="testStatAggregator" classname="ai.hybridstream.connector.operator.OperatorFactoryTest" time="0.001"/>
  <testcase name="testCreateWithEmptyState" classname="ai.hybridstream.connector.operator.OperatorFactoryTest" time="0.0"/>
  <testcase name="testNormalizerOperator" classname="ai.hybridstream.connector.operator.OperatorFactoryTest" time="0.001"/>
  <testcase name="testCreateWithNullState" classname="ai.hybridstream.connector.operator.OperatorFactoryTest" time="0.0"/>
</testsuite>